Using pre-set license
Built from '2020.3/staging' branch; Version is '2020.3.23f1 (c5d91304a876) revision 12966163'; Using compiler version '192528614'; Build Type 'Release'
OS: 'Windows 10 Home; OS build 19044.1348; Version 2009; 64bit' Language: 'en' Physical Memory: 8060 MB
BatchMode: 1, IsHumanControllingUs: 0, StartBugReporterOnCrash: 0, Is64bit: 1, IsPro: 0

COMMAND LINE ARGUMENTS:
C:\Program Files\Unity\Hub\Editor\2020.3.23f1\Editor\Unity.exe
-adb2
-batchMode
-noUpm
-name
AssetImportWorker0
-projectPath
C:/Users/Yeske/Desktop/CS222 Unity/Lab2_319
-logFile
Logs/AssetImportWorker0.log
-srvPort
49820
Successfully changed project path to: C:/Users/Yeske/Desktop/CS222 Unity/Lab2_319
C:/Users/Yeske/Desktop/CS222 Unity/Lab2_319
Using Asset Import Pipeline V2.
Refreshing native plugins compatible for Editor in 80.41 ms, found 2 plugins.
Preloading 0 native plugins for Editor in 0.00 ms.
Initialize engine version: 2020.3.23f1 (c5d91304a876)
[Subsystems] Discovering subsystems at path C:/Program Files/Unity/Hub/Editor/2020.3.23f1/Editor/Data/Resources/UnitySubsystems
[Subsystems] Discovering subsystems at path C:/Users/Yeske/Desktop/CS222 Unity/Lab2_319/Assets
GfxDevice: creating device client; threaded=0
Direct3D:
    Version:  Direct3D 11.0 [level 11.0]
    Renderer: NVIDIA GeForce GTX 950M (ID=0x139a)
    Vendor:   
    VRAM:     4053 MB
    Driver:   30.0.14.9709
Initialize mono
Mono path[0] = 'C:/Program Files/Unity/Hub/Editor/2020.3.23f1/Editor/Data/Managed'
Mono path[1] = 'C:/Program Files/Unity/Hub/Editor/2020.3.23f1/Editor/Data/MonoBleedingEdge/lib/mono/unityjit'
Mono config path = 'C:/Program Files/Unity/Hub/Editor/2020.3.23f1/Editor/Data/MonoBleedingEdge/etc'
Using monoOptions --debugger-agent=transport=dt_socket,embedding=1,server=y,suspend=n,address=127.0.0.1:56552
Begin MonoManager ReloadAssembly
Registering precompiled unity dll's ...
Register platform support module: C:/Program Files/Unity/Hub/Editor/2020.3.23f1/Editor/Data/PlaybackEngines/WebGLSupport/UnityEditor.WebGL.Extensions.dll
Register platform support module: C:/Program Files/Unity/Hub/Editor/2020.3.23f1/Editor/Data/PlaybackEngines/WindowsStandaloneSupport/UnityEditor.WindowsStandalone.Extensions.dll
Registered in 0.002818 seconds.
Native extension for WindowsStandalone target not found
Native extension for WebGL target not found
Refreshing native plugins compatible for Editor in 71.44 ms, found 2 plugins.
Preloading 0 native plugins for Editor in 0.00 ms.
Mono: successfully reloaded assembly
- Completed reload, in  0.793 seconds
Domain Reload Profiling:
	ReloadAssembly (794ms)
		BeginReloadAssembly (67ms)
			ExecutionOrderSort (0ms)
			DisableScriptedObjects (0ms)
			BackupInstance (0ms)
			ReleaseScriptingObjects (0ms)
			CreateAndSetChildDomain (2ms)
		EndReloadAssembly (626ms)
			LoadAssemblies (62ms)
			RebuildTransferFunctionScriptingTraits (0ms)
			SetupTypeCache (212ms)
			ReleaseScriptCaches (0ms)
			RebuildScriptCaches (46ms)
			SetupLoadedEditorAssemblies (230ms)
				LogAssemblyErrors (0ms)
				InitializePlatformSupportModulesInManaged (6ms)
				SetLoadedEditorAssemblies (0ms)
				RefreshPlugins (72ms)
				BeforeProcessingInitializeOnLoad (10ms)
				ProcessInitializeOnLoadAttributes (106ms)
				ProcessInitializeOnLoadMethodAttributes (36ms)
				AfterProcessingInitializeOnLoad (0ms)
				EditorAssembliesLoaded (0ms)
			ExecutionOrderSort2 (0ms)
			AwakeInstancesAfterBackupRestoration (0ms)
Platform modules already initialized, skipping
Registering precompiled user dll's ...
Registered in 0.006020 seconds.
Begin MonoManager ReloadAssembly
Native extension for WindowsStandalone target not found
Native extension for WebGL target not found
Refreshing native plugins compatible for Editor in 83.24 ms, found 2 plugins.
Preloading 0 native plugins for Editor in 0.00 ms.
Mono: successfully reloaded assembly
- Completed reload, in  1.589 seconds
Domain Reload Profiling:
	ReloadAssembly (1590ms)
		BeginReloadAssembly (226ms)
			ExecutionOrderSort (0ms)
			DisableScriptedObjects (7ms)
			BackupInstance (0ms)
			ReleaseScriptingObjects (0ms)
			CreateAndSetChildDomain (23ms)
		EndReloadAssembly (1263ms)
			LoadAssemblies (148ms)
			RebuildTransferFunctionScriptingTraits (0ms)
			SetupTypeCache (426ms)
			ReleaseScriptCaches (1ms)
			RebuildScriptCaches (68ms)
			SetupLoadedEditorAssemblies (494ms)
				LogAssemblyErrors (0ms)
				InitializePlatformSupportModulesInManaged (7ms)
				SetLoadedEditorAssemblies (0ms)
				RefreshPlugins (83ms)
				BeforeProcessingInitializeOnLoad (120ms)
				ProcessInitializeOnLoadAttributes (262ms)
				ProcessInitializeOnLoadMethodAttributes (12ms)
				AfterProcessingInitializeOnLoad (9ms)
				EditorAssembliesLoaded (0ms)
			ExecutionOrderSort2 (0ms)
			AwakeInstancesAfterBackupRestoration (7ms)
Platform modules already initialized, skipping
========================================================================
Worker process is ready to serve import requests
Launched and connected shader compiler UnityShaderCompiler.exe after 0.09 seconds
Refreshing native plugins compatible for Editor in 0.68 ms, found 2 plugins.
Preloading 0 native plugins for Editor in 0.00 ms.
Unloading 2948 Unused Serialized files (Serialized files now loaded: 0)
System memory in use before: 131.4 MB.
System memory in use after: 131.6 MB.

Unloading 20 unused Assets to reduce memory usage. Loaded Objects now: 3382.
Total: 3.883300 ms (FindLiveObjects: 0.318700 ms CreateObjectMapping: 0.210800 ms MarkObjects: 3.202100 ms  DeleteObjects: 0.150100 ms)

AssetImportParameters requested are different than current active one (requested -> active):
  custom:framework-win-MediaFoundation: 216162199b28c13a410421893ffa2e32 -> 
  custom:video-decoder-ogg-theora: a1e56fd34408186e4bbccfd4996cb3dc -> 
  custom:container-muxer-webm: aa71ff27fc2769a1b78a27578f13a17b -> 
  custom:container-demuxer-webm: 4f35f7cbe854078d1ac9338744f61a02 -> 
  custom:container-demuxer-ogg: 62fdf1f143b41e24485cea50d1cbac27 -> 
  custom:video-encoder-webm-vp8: eb34c28f22e8b96e1ab97ce403110664 -> 
  custom:video-decoder-webm-vp8: 9c59270c3fd7afecdb556c50c9e8de78 -> 
  custom:audio-decoder-ogg-vorbis: bf7c407c2cedff20999df2af8eb42d56 -> 
  custom:audio-encoder-webm-vorbis: bf7c407c2cedff20999df2af8eb42d56 -> 
========================================================================
Received Import Request.
  path: Assets/MyShader/FormRefraction.shadergraph
  artifactKey: Guid(d972dc6c47000b54081e6b7c3d35001f) Importer(815301076,1909f56bfc062723c751e8b465ee728b)
Start importing Assets/MyShader/FormRefraction.shadergraph using Guid(d972dc6c47000b54081e6b7c3d35001f) Importer(815301076,1909f56bfc062723c751e8b465ee728b)  -> (artifact id: '89ce70d5d815adc71f5c470431ea577b') in 0.057673 seconds 
  Import took 0.067533 seconds .

========================================================================
Received Import Request.
  Time since last request: 653.085551 seconds.
  path: Assets/MyShader/FormRefraction.shadergraph
  artifactKey: Guid(d972dc6c47000b54081e6b7c3d35001f) Importer(815301076,1909f56bfc062723c751e8b465ee728b)
Start importing Assets/MyShader/FormRefraction.shadergraph using Guid(d972dc6c47000b54081e6b7c3d35001f) Importer(815301076,1909f56bfc062723c751e8b465ee728b)  -> (artifact id: 'bafddca419446e101b748ce468d6b7ac') in 0.005608 seconds 
  Import took 0.014709 seconds .

========================================================================
Received Import Request.
  Time since last request: 22.581708 seconds.
  path: Assets/MyShader/FormRefraction.mat
  artifactKey: Guid(55d14a4d83704964fa2bf57501ec69eb) Importer(815301076,1909f56bfc062723c751e8b465ee728b)
Start importing Assets/MyShader/FormRefraction.mat using Guid(55d14a4d83704964fa2bf57501ec69eb) Importer(815301076,1909f56bfc062723c751e8b465ee728b)  -> (artifact id: '1231a68e17e9030e08a23f3ea2a60be4') in 0.273728 seconds 
  Import took 0.281326 seconds .

========================================================================
Received Import Request.
  Time since last request: 160.836458 seconds.
  path: Assets/MyShader/FormRefraction.shadergraph
  artifactKey: Guid(d972dc6c47000b54081e6b7c3d35001f) Importer(815301076,1909f56bfc062723c751e8b465ee728b)
Start importing Assets/MyShader/FormRefraction.shadergraph using Guid(d972dc6c47000b54081e6b7c3d35001f) Importer(815301076,1909f56bfc062723c751e8b465ee728b)  -> (artifact id: '420aa31cbcdac55ffb1699066d1516ce') in 0.004765 seconds 
  Import took 0.012060 seconds .

========================================================================
Received Import Request.
  Time since last request: 46.504484 seconds.
  path: Assets/MyShader/WaterMovement/WaterMovement.mat
  artifactKey: Guid(04994fd506171e44ca6f8d5d22da3a1b) Importer(815301076,1909f56bfc062723c751e8b465ee728b)
Start importing Assets/MyShader/WaterMovement/WaterMovement.mat using Guid(04994fd506171e44ca6f8d5d22da3a1b) Importer(815301076,1909f56bfc062723c751e8b465ee728b)  -> (artifact id: '79c7849dfed2e3591d24d354fe32edd9') in 0.062669 seconds 
  Import took 0.075676 seconds .

========================================================================
Received Import Request.
  Time since last request: 5.310887 seconds.
  path: Assets/MyShader/WaterMovement/WaterMovement.shadergraph
  artifactKey: Guid(f7cf28386cbe2764490d9f900db1f98c) Importer(815301076,1909f56bfc062723c751e8b465ee728b)
Start importing Assets/MyShader/WaterMovement/WaterMovement.shadergraph using Guid(f7cf28386cbe2764490d9f900db1f98c) Importer(815301076,1909f56bfc062723c751e8b465ee728b)  -> (artifact id: '18139ec6b1b30a4e483749cd0d45be1b') in 0.004534 seconds 
  Import took 0.011277 seconds .

========================================================================
Received Import Request.
  Time since last request: 125.914444 seconds.
  path: Assets/MyShader/Water2colorMovement/Water2colorMovement.mat
  artifactKey: Guid(bf39b06a6863a8c4dbbda14d1523d89b) Importer(815301076,1909f56bfc062723c751e8b465ee728b)
Start importing Assets/MyShader/Water2colorMovement/Water2colorMovement.mat using Guid(bf39b06a6863a8c4dbbda14d1523d89b) Importer(815301076,1909f56bfc062723c751e8b465ee728b)  -> (artifact id: '51c7f934e2e93a3bd86ee47b7849a343') in 0.047310 seconds 
  Import took 0.061550 seconds .

========================================================================
Received Import Request.
  Time since last request: 202.561798 seconds.
  path: Assets/MyShader/FormRefraction.shadergraph
  artifactKey: Guid(d972dc6c47000b54081e6b7c3d35001f) Importer(815301076,1909f56bfc062723c751e8b465ee728b)
Start importing Assets/MyShader/FormRefraction.shadergraph using Guid(d972dc6c47000b54081e6b7c3d35001f) Importer(815301076,1909f56bfc062723c751e8b465ee728b)  -> (artifact id: 'cce3665e7d93b77ed17d0614877f7ac0') in 0.008824 seconds 
  Import took 0.017484 seconds .

========================================================================
Received Import Request.
  Time since last request: 42.339505 seconds.
  path: Assets/MyShader/FormRefraction.shadergraph
  artifactKey: Guid(d972dc6c47000b54081e6b7c3d35001f) Importer(815301076,1909f56bfc062723c751e8b465ee728b)
Start importing Assets/MyShader/FormRefraction.shadergraph using Guid(d972dc6c47000b54081e6b7c3d35001f) Importer(815301076,1909f56bfc062723c751e8b465ee728b)  -> (artifact id: '535b5237bf44ac9995eead2215aa8c3d') in 0.005485 seconds 
  Import took 0.016931 seconds .

========================================================================
Received Import Request.
  Time since last request: 15.322323 seconds.
  path: Assets/MyShader/Form.mat
  artifactKey: Guid(95667cfb83d55dd419c8cb6882ae059a) Importer(815301076,1909f56bfc062723c751e8b465ee728b)
Start importing Assets/MyShader/Form.mat using Guid(95667cfb83d55dd419c8cb6882ae059a) Importer(815301076,1909f56bfc062723c751e8b465ee728b)  -> (artifact id: '4ff892493d2b9320ed0b2919f42f375c') in 0.233017 seconds 
  Import took 0.240506 seconds .

========================================================================
Received Import Request.
  Time since last request: 359.325922 seconds.
  path: Assets/MyShader/Form.mat
  artifactKey: Guid(95667cfb83d55dd419c8cb6882ae059a) Importer(815301076,1909f56bfc062723c751e8b465ee728b)
Start importing Assets/MyShader/Form.mat using Guid(95667cfb83d55dd419c8cb6882ae059a) Importer(815301076,1909f56bfc062723c751e8b465ee728b)  -> (artifact id: '6964c5160bf66cecb4477e1a6c4c8fbf') in 0.040562 seconds 
  Import took 0.049992 seconds .

========================================================================
Received Import Request.
  Time since last request: 369.961165 seconds.
  path: Assets/MyModel
  artifactKey: Guid(5b82e6205ce04a543978e2f82bcf98bc) Importer(815301076,1909f56bfc062723c751e8b465ee728b)
Start importing Assets/MyModel using Guid(5b82e6205ce04a543978e2f82bcf98bc) Importer(815301076,1909f56bfc062723c751e8b465ee728b)  -> (artifact id: 'd9d7184431e7bafb0b95e6a918456b6e') in 0.015248 seconds 
  Import took 0.024518 seconds .

========================================================================
Received Import Request.
  Time since last request: 10.847568 seconds.
  path: Assets/MyModel/remy@Silly Dancing.fbx
  artifactKey: Guid(1b9d69b8bc4280f43b28472dec8d441d) Importer(815301076,1909f56bfc062723c751e8b465ee728b)
Start importing Assets/MyModel/remy@Silly Dancing.fbx using Guid(1b9d69b8bc4280f43b28472dec8d441d) Importer(815301076,1909f56bfc062723c751e8b465ee728b)  -> (artifact id: '420ecacb015a8991ed000466b1110d40') in 1.316659 seconds 
  Import took 1.328221 seconds .

========================================================================
Received Import Request.
  Time since last request: 9.992511 seconds.
  path: Assets/MyModel/Dace.controller
  artifactKey: Guid(2ee871e50c7385e489e8e6b72bae0eb9) Importer(815301076,1909f56bfc062723c751e8b465ee728b)
Start importing Assets/MyModel/Dace.controller using Guid(2ee871e50c7385e489e8e6b72bae0eb9) Importer(815301076,1909f56bfc062723c751e8b465ee728b)  -> (artifact id: 'eec46e53f5eab7bb8d9204f7d820a3b2') in 0.015050 seconds 
  Import took 0.024851 seconds .

========================================================================
Received Import Request.
  Time since last request: 37.646866 seconds.
  path: Assets/MyModel/remy@Silly Dancing.fbx
  artifactKey: Guid(1b9d69b8bc4280f43b28472dec8d441d) Importer(815301076,1909f56bfc062723c751e8b465ee728b)
Start importing Assets/MyModel/remy@Silly Dancing.fbx using Guid(1b9d69b8bc4280f43b28472dec8d441d) Importer(815301076,1909f56bfc062723c751e8b465ee728b)  -> (artifact id: '2405c81e75778e2b715c551c59809a74') in 0.249546 seconds 
  Import took 0.260038 seconds .

========================================================================
Received Import Request.
  Time since last request: 53.647244 seconds.
  path: Assets/MyModel/remy@Silly Dancing.fbx
  artifactKey: Guid(1b9d69b8bc4280f43b28472dec8d441d) Importer(815301076,1909f56bfc062723c751e8b465ee728b)
Start importing Assets/MyModel/remy@Silly Dancing.fbx using Guid(1b9d69b8bc4280f43b28472dec8d441d) Importer(815301076,1909f56bfc062723c751e8b465ee728b)  -> (artifact id: '29600d7dddb4419960a4dcc73d6c9ff8') in 0.289699 seconds 
  Import took 0.300472 seconds .

========================================================================
Received Import Request.
  Time since last request: 17.202493 seconds.
  path: Assets/MyModel/remy@Silly Dancing.fbx
  artifactKey: Guid(1b9d69b8bc4280f43b28472dec8d441d) Importer(815301076,1909f56bfc062723c751e8b465ee728b)
Start importing Assets/MyModel/remy@Silly Dancing.fbx using Guid(1b9d69b8bc4280f43b28472dec8d441d) Importer(815301076,1909f56bfc062723c751e8b465ee728b)  -> (artifact id: 'ccc7a4aa0efa78d4983a46bb71e74143') in 0.247027 seconds 
  Import took 0.255124 seconds .

========================================================================
Received Import Request.
  Time since last request: 6.106487 seconds.
  path: Assets/MyModel/Dace.controller
  artifactKey: Guid(2ee871e50c7385e489e8e6b72bae0eb9) Importer(815301076,1909f56bfc062723c751e8b465ee728b)
Start importing Assets/MyModel/Dace.controller using Guid(2ee871e50c7385e489e8e6b72bae0eb9) Importer(815301076,1909f56bfc062723c751e8b465ee728b)  -> (artifact id: '66523395c290304e82d27513b141def2') in 0.007568 seconds 
  Import took 0.017820 seconds .

========================================================================
Received Prepare
Registering precompiled user dll's ...
Registered in 0.007097 seconds.
Begin MonoManager ReloadAssembly
Native extension for WindowsStandalone target not found
Native extension for WebGL target not found
Refreshing native plugins compatible for Editor in 0.92 ms, found 2 plugins.
Preloading 0 native plugins for Editor in 0.00 ms.
Mono: successfully reloaded assembly
- Completed reload, in  1.605 seconds
Domain Reload Profiling:
	ReloadAssembly (1605ms)
		BeginReloadAssembly (311ms)
			ExecutionOrderSort (0ms)
			DisableScriptedObjects (8ms)
			BackupInstance (0ms)
			ReleaseScriptingObjects (0ms)
			CreateAndSetChildDomain (125ms)
		EndReloadAssembly (1207ms)
			LoadAssemblies (168ms)
			RebuildTransferFunctionScriptingTraits (0ms)
			SetupTypeCache (448ms)
			ReleaseScriptCaches (1ms)
			RebuildScriptCaches (61ms)
			SetupLoadedEditorAssemblies (371ms)
				LogAssemblyErrors (0ms)
				InitializePlatformSupportModulesInManaged (6ms)
				SetLoadedEditorAssemblies (1ms)
				RefreshPlugins (1ms)
				BeforeProcessingInitializeOnLoad (90ms)
				ProcessInitializeOnLoadAttributes (254ms)
				ProcessInitializeOnLoadMethodAttributes (11ms)
				AfterProcessingInitializeOnLoad (8ms)
				EditorAssembliesLoaded (1ms)
			ExecutionOrderSort2 (0ms)
			AwakeInstancesAfterBackupRestoration (26ms)
Platform modules already initialized, skipping
Refreshing native plugins compatible for Editor in 0.61 ms, found 2 plugins.
Preloading 0 native plugins for Editor in 0.00 ms.
Unloading 2833 Unused Serialized files (Serialized files now loaded: 0)
System memory in use before: 143.3 MB.
System memory in use after: 143.5 MB.

Unloading 15 unused Assets to reduce memory usage. Loaded Objects now: 3468.
Total: 3.965300 ms (FindLiveObjects: 0.379000 ms CreateObjectMapping: 0.174800 ms MarkObjects: 3.386900 ms  DeleteObjects: 0.023300 ms)

AssetImportParameters requested are different than current active one (requested -> active):
  custom:framework-win-MediaFoundation: 216162199b28c13a410421893ffa2e32 -> 
  custom:video-decoder-ogg-theora: a1e56fd34408186e4bbccfd4996cb3dc -> 
  custom:container-muxer-webm: aa71ff27fc2769a1b78a27578f13a17b -> 
  custom:container-demuxer-webm: 4f35f7cbe854078d1ac9338744f61a02 -> 
  custom:container-demuxer-ogg: 62fdf1f143b41e24485cea50d1cbac27 -> 
  custom:video-encoder-webm-vp8: eb34c28f22e8b96e1ab97ce403110664 -> 
  custom:video-decoder-webm-vp8: 9c59270c3fd7afecdb556c50c9e8de78 -> 
  custom:audio-decoder-ogg-vorbis: bf7c407c2cedff20999df2af8eb42d56 -> 
  custom:audio-encoder-webm-vorbis: bf7c407c2cedff20999df2af8eb42d56 -> 
========================================================================
Received Prepare
Registering precompiled user dll's ...
Registered in 0.006480 seconds.
Begin MonoManager ReloadAssembly
Native extension for WindowsStandalone target not found
Native extension for WebGL target not found
Refreshing native plugins compatible for Editor in 0.59 ms, found 2 plugins.
Preloading 0 native plugins for Editor in 0.00 ms.
Mono: successfully reloaded assembly
- Completed reload, in  1.555 seconds
Domain Reload Profiling:
	ReloadAssembly (1555ms)
		BeginReloadAssembly (133ms)
			ExecutionOrderSort (0ms)
			DisableScriptedObjects (5ms)
			BackupInstance (0ms)
			ReleaseScriptingObjects (0ms)
			CreateAndSetChildDomain (42ms)
		EndReloadAssembly (1327ms)
			LoadAssemblies (230ms)
			RebuildTransferFunctionScriptingTraits (0ms)
			SetupTypeCache (465ms)
			ReleaseScriptCaches (1ms)
			RebuildScriptCaches (56ms)
			SetupLoadedEditorAssemblies (363ms)
				LogAssemblyErrors (0ms)
				InitializePlatformSupportModulesInManaged (6ms)
				SetLoadedEditorAssemblies (1ms)
				RefreshPlugins (1ms)
				BeforeProcessingInitializeOnLoad (90ms)
				ProcessInitializeOnLoadAttributes (245ms)
				ProcessInitializeOnLoadMethodAttributes (12ms)
				AfterProcessingInitializeOnLoad (9ms)
				EditorAssembliesLoaded (0ms)
			ExecutionOrderSort2 (0ms)
			AwakeInstancesAfterBackupRestoration (21ms)
Platform modules already initialized, skipping
Refreshing native plugins compatible for Editor in 0.62 ms, found 2 plugins.
Preloading 0 native plugins for Editor in 0.00 ms.
Unloading 2833 Unused Serialized files (Serialized files now loaded: 0)
System memory in use before: 143.4 MB.
System memory in use after: 143.6 MB.

Unloading 15 unused Assets to reduce memory usage. Loaded Objects now: 3470.
Total: 4.712500 ms (FindLiveObjects: 0.670900 ms CreateObjectMapping: 0.349100 ms MarkObjects: 3.665200 ms  DeleteObjects: 0.026100 ms)

AssetImportParameters requested are different than current active one (requested -> active):
  custom:framework-win-MediaFoundation: 216162199b28c13a410421893ffa2e32 -> 
  custom:video-decoder-ogg-theora: a1e56fd34408186e4bbccfd4996cb3dc -> 
  custom:container-muxer-webm: aa71ff27fc2769a1b78a27578f13a17b -> 
  custom:container-demuxer-webm: 4f35f7cbe854078d1ac9338744f61a02 -> 
  custom:container-demuxer-ogg: 62fdf1f143b41e24485cea50d1cbac27 -> 
  custom:video-encoder-webm-vp8: eb34c28f22e8b96e1ab97ce403110664 -> 
  custom:video-decoder-webm-vp8: 9c59270c3fd7afecdb556c50c9e8de78 -> 
  custom:audio-decoder-ogg-vorbis: bf7c407c2cedff20999df2af8eb42d56 -> 
  custom:audio-encoder-webm-vorbis: bf7c407c2cedff20999df2af8eb42d56 -> 
AssetImportWorkerClient::OnTransportError - code=2 error=End of file
